0 info it worked if it ends with ok
1 verbose cli [ 'C:\\Program Files\\nodejs\\\\node.exe',
1 verbose cli   'C:\\Program Files\\nodejs\\node_modules\\npm\\bin\\npm-cli.js',
1 verbose cli   'install',
1 verbose cli   'cors' ]
2 info using npm@2.7.4
3 info using node@v0.12.2
4 verbose node symlink C:\Program Files\nodejs\\node.exe
5 warn package.json node-api@ No description
6 warn package.json node-api@ No repository field.
7 warn package.json node-api@ No README data
8 warn package.json string_decoder@0.10.31 string_decoder is also the name of a node core module.
9 silly cache add args [ 'cors', null ]
10 verbose cache add spec cors
11 silly cache add parsed spec { raw: 'cors',
11 silly cache add   scope: null,
11 silly cache add   name: 'cors',
11 silly cache add   rawSpec: '',
11 silly cache add   spec: '*',
11 silly cache add   type: 'range' }
12 verbose addNamed cors@*
13 silly addNamed semver.valid null
14 silly addNamed semver.validRange *
15 silly addNameRange { name: 'cors', range: '*', hasData: false }
16 silly mapToRegistry name cors
17 silly mapToRegistry using default registry
18 silly mapToRegistry registry https://registry.npmjs.org/
19 silly mapToRegistry uri https://registry.npmjs.org/cors
20 verbose addNameRange registry:https://registry.npmjs.org/cors not in flight; fetching
21 verbose request uri https://registry.npmjs.org/cors
22 verbose request no auth needed
23 info attempt registry request try #1 at 5:50:09 PM
24 verbose request id 60a9bf61cc37d2bd
25 http request GET https://registry.npmjs.org/cors
26 info retry will retry, error on last attempt: Error: getaddrinfo ENOTFOUND registry.npmjs.org
27 info attempt registry request try #2 at 5:50:19 PM
28 http request GET https://registry.npmjs.org/cors
29 info retry will retry, error on last attempt: Error: getaddrinfo ENOTFOUND registry.npmjs.org
30 info attempt registry request try #3 at 5:51:19 PM
31 http request GET https://registry.npmjs.org/cors
32 verbose stack Error: getaddrinfo ENOTFOUND registry.npmjs.org
32 verbose stack     at errnoException (dns.js:44:10)
32 verbose stack     at GetAddrInfoReqWrap.onlookup [as oncomplete] (dns.js:94:26)
33 verbose cwd C:\Users\sheetalj.NCDEXLTD\Desktop\anonymus
34 error Windows_NT 6.1.7601
35 error argv "C:\\Program Files\\nodejs\\\\node.exe" "C:\\Program Files\\nodejs\\node_modules\\npm\\bin\\npm-cli.js" "install" "cors"
36 error node v0.12.2
37 error npm  v2.7.4
38 error code ENOTFOUND
39 error errno ENOTFOUND
40 error syscall getaddrinfo
41 error network getaddrinfo ENOTFOUND registry.npmjs.org
41 error network This is most likely not a problem with npm itself
41 error network and is related to network connectivity.
41 error network In most cases you are behind a proxy or have bad network settings.
41 error network
41 error network If you are behind a proxy, please make sure that the
41 error network 'proxy' config is set properly.  See: 'npm help config'
42 verbose exit [ 1, true ]
